#
# There is insufficient memory for the Java Runtime Environment to continue.
# Native memory allocation (mmap) failed to map 132120576 bytes for Failed to commit area from 0x0000000083c00000 to 0x000000008ba00000 of length 132120576.
# Possible reasons:
#   The system is out of physical RAM or swap space
#   The process is running with CompressedOops enabled, and the Java Heap may be blocking the growth of the native heap
# Possible solutions:
#   Reduce memory load on the system
#   Increase physical memory or swap space
#   Check if swap backing store is full
#   Decrease Java heap size (-Xmx/-Xms)
#   Decrease number of Java threads
#   Decrease Java thread stack sizes (-Xss)
#   Set larger code cache with -XX:ReservedCodeCacheSize=
# This output file may be truncated or incomplete.
#
#  Out of Memory Error (t:/workspace/open/src/hotspot/os/windows/os_windows.cpp:3264), pid=26352, tid=1760
#
# JRE version:  (12.0.2+10) (build )
# Java VM: Java HotSpot(TM) 64-Bit Server VM (12.0.2+10, mixed mode, aot, sharing, tiered, compressed oops, g1 gc, windows-amd64)
# No core dump will be written. Minidumps are not enabled by default on client versions of Windows
#

---------------  S U M M A R Y ------------

Command Line: -Dfile.encoding=Cp1252 Presentation.MainForm

Host: Intel(R) Core(TM) i7-1065G7 CPU @ 1.30GHz, 8 cores, 7G,  Windows 10 , 64 bit Build 18362 (10.0.18362.329)
Time: Fri Apr 10 21:40:02 2020 Eastern Daylight Time elapsed time: 0 seconds (0d 0h 0m 0s)

---------------  T H R E A D  ---------------

Current thread (0x00000287d93e6800):  JavaThread "Unknown thread" [_thread_in_vm, id=1760, stack(0x000000ba8bd00000,0x000000ba8be00000)]

Stack: [0x000000ba8bd00000,0x000000ba8be00000]
Native frames: (J=compiled Java code, j=interpreted, Vv=VM code, C=native code)
V  [jvm.dll+0x63aa2a]
V  [jvm.dll+0x78ce1e]
V  [jvm.dll+0x78e4c1]
V  [jvm.dll+0x78eb13]
V  [jvm.dll+0x2627e8]
V  [jvm.dll+0x637f5a]
V  [jvm.dll+0x62c845]
V  [jvm.dll+0x31e49c]
V  [jvm.dll+0x31e2cf]
V  [jvm.dll+0x324006]
V  [jvm.dll+0x371f56]
V  [jvm.dll+0x371720]
V  [jvm.dll+0x2f845a]
V  [jvm.dll+0x2f96d2]
V  [jvm.dll+0x767267]
V  [jvm.dll+0x7689f5]
V  [jvm.dll+0x380059]
V  [jvm.dll+0x74b794]
V  [jvm.dll+0x3ef5cd]
V  [jvm.dll+0x3f1471]
C  [jli.dll+0x51cf]
C  [ucrtbase.dll+0x20e72]
C  [KERNEL32.DLL+0x17bd4]
C  [ntdll.dll+0x6ced1]


---------------  P R O C E S S  ---------------

Threads class SMR info:
_java_thread_list=0x00007ffb68a37928, length=0, elements={
}

Java Threads: ( => current thread )

Other Threads:
  0x00000287d9424800 GCTaskThread "GC Thread#0" [stack: 0x000000ba8be00000,0x000000ba8bf00000] [id=17372]
  0x00000287d9433800 ConcurrentGCThread "G1 Main Marker" [stack: 0x000000ba8bf00000,0x000000ba8c000000] [id=23784]
  0x00000287d9437000 ConcurrentGCThread "G1 Conc#0" [stack: 0x000000ba8c000000,0x000000ba8c100000] [id=11316]

[error occurred during error reporting (printing all threads), id 0xc0000005, EXCEPTION_ACCESS_VIOLATION (0xc0000005) at pc=0x00007ffb682685e7]

VM state:not at safepoint (not fully initialized)

VM Mutex/Monitor currently owned by a thread:  ([mutex/lock_event])
[0x00000287d93e2740] Heap_lock - owner thread: 0x00000287d93e6800

Heap address: 0x0000000083c00000, size: 1988 MB, Compressed Oops mode: Non-zero based: 0x0000000083c00000
Narrow klass base: 0x0000000000000000, Narrow klass shift: 0

GC Heap History (0 events):
No events

Deoptimization events (0 events):
No events

Classes redefined (0 events):
No events

Internal exceptions (0 events):
No events

Events (0 events):
No events


Dynamic libraries:
0x00007ff7af180000 - 0x00007ff7af18f000 	C:\Program Files\Java\jdk-12.0.2\bin\javaw.exe
0x00007ffbe6a60000 - 0x00007ffbe6c50000 	C:\windows\SYSTEM32\ntdll.dll
0x00007ffbe6600000 - 0x00007ffbe66b2000 	C:\windows\System32\KERNEL32.DLL
0x00007ffbe42e0000 - 0x00007ffbe4583000 	C:\windows\System32\KERNELBASE.dll
0x00007ffbe4a10000 - 0x00007ffbe4b0a000 	C:\windows\System32\ucrtbase.dll
0x00007ffbcab80000 - 0x00007ffbcab96000 	C:\Program Files\Java\jdk-12.0.2\bin\VCRUNTIME140.dll
0x00007ffbda330000 - 0x00007ffbda348000 	C:\Program Files\Java\jdk-12.0.2\bin\jli.dll
0x00007ffbe6970000 - 0x00007ffbe6a13000 	C:\windows\System32\ADVAPI32.dll
0x00007ffbe5230000 - 0x00007ffbe52ce000 	C:\windows\System32\msvcrt.dll
0x00007ffbe4e50000 - 0x00007ffbe4ee7000 	C:\windows\System32\sechost.dll
0x00007ffbe4b10000 - 0x00007ffbe4c30000 	C:\windows\System32\RPCRT4.dll
0x00007ffbe5c80000 - 0x00007ffbe5e14000 	C:\windows\System32\USER32.dll
0x00007ffbe4170000 - 0x00007ffbe4191000 	C:\windows\System32\win32u.dll
0x00007ffbcb590000 - 0x00007ffbcb815000 	C:\windows\WinSxS\amd64_microsoft.windows.common-controls_6595b64144ccf1df_6.0.18362.720_none_e6beb5c51314836b\COMCTL32.dll
0x00007ffbe59c0000 - 0x00007ffbe59e6000 	C:\windows\System32\GDI32.dll
0x00007ffbe4ef0000 - 0x00007ffbe5226000 	C:\windows\System32\combase.dll
0x00007ffbe4610000 - 0x00007ffbe47a4000 	C:\windows\System32\gdi32full.dll
0x00007ffbe4210000 - 0x00007ffbe42ae000 	C:\windows\System32\msvcp_win.dll
0x00007ffbe4590000 - 0x00007ffbe4610000 	C:\windows\System32\bcryptPrimitives.dll
0x00007ffbdd1f0000 - 0x00007ffbdd1fa000 	C:\windows\SYSTEM32\VERSION.dll
0x00007ffbe5af0000 - 0x00007ffbe5b1e000 	C:\windows\System32\IMM32.DLL
0x00007ffba38a0000 - 0x00007ffba394a000 	C:\Program Files\Java\jdk-12.0.2\bin\msvcp140.dll
0x00007ffb67f60000 - 0x00007ffb68ad7000 	C:\Program Files\Java\jdk-12.0.2\bin\server\jvm.dll
0x00007ffbe59f0000 - 0x00007ffbe59f8000 	C:\windows\System32\PSAPI.DLL
0x00007ffbc4e20000 - 0x00007ffbc4e29000 	C:\windows\SYSTEM32\WSOCK32.dll
0x00007ffbe1170000 - 0x00007ffbe1194000 	C:\windows\SYSTEM32\WINMM.dll
0x00007ffbe5a00000 - 0x00007ffbe5a6f000 	C:\windows\System32\WS2_32.dll
0x00007ffbe1060000 - 0x00007ffbe108d000 	C:\windows\SYSTEM32\winmmbase.dll
0x00007ffbe41c0000 - 0x00007ffbe420a000 	C:\windows\System32\cfgmgr32.dll
0x00007ffbe3930000 - 0x00007ffbe3941000 	C:\windows\System32\kernel.appcore.dll
0x00007ffbdd670000 - 0x00007ffbdd681000 	C:\Program Files\Java\jdk-12.0.2\bin\verify.dll
0x00007ffbe2240000 - 0x00007ffbe2434000 	C:\windows\SYSTEM32\DBGHELP.DLL
0x00007ffbc7880000 - 0x00007ffbc78aa000 	C:\windows\SYSTEM32\dbgcore.DLL
0x00007ffbcbcf0000 - 0x00007ffbcbd16000 	C:\Program Files\Java\jdk-12.0.2\bin\java.dll
0x00007ffbdd610000 - 0x00007ffbdd627000 	C:\Program Files\Java\jdk-12.0.2\bin\zip.dll
0x00007ffbe1320000 - 0x00007ffbe132a000 	C:\Program Files\Java\jdk-12.0.2\bin\jimage.dll

dbghelp: loaded successfully - version: 4.0.5 - missing functions: none
symbol engine: initialized successfully - sym options: 0x614 - pdb path: .;C:\Program Files\Java\jdk-12.0.2\bin;C:\windows\SYSTEM32;C:\windows\WinSxS\amd64_microsoft.windows.common-controls_6595b64144ccf1df_6.0.18362.720_none_e6beb5c51314836b;C:\Program Files\Java\jdk-12.0.2\bin\server

VM Arguments:
jvm_args: -Dfile.encoding=Cp1252 
java_command: Presentation.MainForm
java_class_path (initial): C:\Final Project Java\Best Computer Managment;C:\Final Project Java\Best Computer Managment\jcalendar-1.4.jar;C:\Program Files\Java\jdbcOracle\ojdbc7.jar
Launcher Type: SUN_STANDARD

[Global flags]
     intx CICompilerCount                          = 4                                         {product} {ergonomic}
     uint ConcGCThreads                            = 2                                         {product} {ergonomic}
     uint G1ConcRefinementThreads                  = 8                                         {product} {ergonomic}
   size_t G1HeapRegionSize                         = 1048576                                   {product} {ergonomic}
    uintx GCDrainStackTargetSize                   = 64                                        {product} {ergonomic}
   size_t InitialHeapSize                          = 132120576                                 {product} {ergonomic}
   size_t MarkStackSize                            = 4194304                                   {product} {ergonomic}
   size_t MaxHeapSize                              = 2084569088                                {product} {ergonomic}
   size_t MinHeapDeltaBytes                        = 1048576                                   {product} {ergonomic}
    uintx NonNMethodCodeHeapSize                   = 5836300                                {pd product} {ergonomic}
    uintx NonProfiledCodeHeapSize                  = 122910970                              {pd product} {ergonomic}
    uintx ProfiledCodeHeapSize                     = 122910970                              {pd product} {ergonomic}
    uintx ReservedCodeCacheSize                    = 251658240                              {pd product} {ergonomic}
     bool SegmentedCodeCache                       = true                                      {product} {ergonomic}
     bool UseCompressedClassPointers               = true                                 {lp64_product} {ergonomic}
     bool UseCompressedOops                        = true                                 {lp64_product} {ergonomic}
     bool UseG1GC                                  = true                                      {product} {ergonomic}
     bool UseLargePagesIndividualAllocation        = false                                  {pd product} {ergonomic}

Logging:
Log output configuration:
 #0: stdout all=warning uptime,level,tags
 #1: stderr all=off uptime,level,tags

Environment Variables:
PATH=C:/Program Files/Java/jdk-12.0.2/bin/server;C:/Program Files/Java/jdk-12.0.2/bin;C:\Oracle20193\bin;C:\Program Files\Microsoft MPI\Bin\;C:\windows\system32;C:\windows;C:\windows\System32\Wbem;C:\windows\System32\WindowsPowerShell\v1.0\;C:\windows\System32\OpenSSH\;C:\Program Files (x86)\Microsoft SQL Server\150\DTS\Binn\;C:\Program Files\Microsoft SQL Server\Client SDK\ODBC\170\Tools\Binn\;C:\Program Files\Microsoft SQL Server\130\Tools\Binn\;C:\Program Files\dotnet\;C:\Program Files (x86)\Microsoft SQL Server\110\DTS\Binn\;C:\Program Files (x86)\Microsoft SQL Server\120\DTS\Binn\;C:\Program Files (x86)\Microsoft SQL Server\130\DTS\Binn\;C:\Program Files (x86)\Microsoft SQL Server\140\DTS\Binn\;C:\Program Files (x86)\Microsoft SQL Server\150\Tools\Binn\;C:\Program Files\Microsoft SQL Server\150\Tools\Binn\;C:\Program Files\Microsoft SQL Server\150\DTS\Binn\;C:\Users\Adnan\AppData\Local\Microsoft\WindowsApps;;C:\Users\Adnan\AppData\Local\Programs\Microsoft VS Code\bin;C:\Users\Adnan\Desktop;
USERNAME=Adnan
OS=Windows_NT
PROCESSOR_IDENTIFIER=Intel64 Family 6 Model 126 Stepping 5, GenuineIntel



---------------  S Y S T E M  ---------------

OS: Windows 10 , 64 bit Build 18362 (10.0.18362.329)

CPU:total 8 (initial active 8) (4 cores per cpu, 2 threads per core) family 6 model 126 stepping 5, cmov, cx8, fxsr, mmx, sse, sse2, sse3, ssse3, sse4.1, sse4.2, popcnt, avx, avx2, aes, clmul, erms, 3dnowpref, lzcnt, ht, tsc, tscinvbit, bmi1, bmi2, adx, evex, sha, fma

Memory: 4k page, system-wide physical 7945M (743M free)
TotalPageFile size 20067M (AvailPageFile size 33M)
current process WorkingSet (physical memory assigned to process): 10M, peak: 10M
current process commit charge ("private bytes"): 60M, peak: 186M

vm_info: Java HotSpot(TM) 64-Bit Server VM (12.0.2+10) for windows-amd64 JRE (12.0.2+10), built on Jul 16 2019 01:56:17 by "mach5one" with MS VC++ 15.5 (VS2017)

END.
